<?xml version="1.0" encoding="UTF-8"?>
<testng-results ignored="0" total="1" passed="1" failed="0" skipped="0">
  <reporter-output>
    <line>
      <![CDATA[Successfully Launched Chrome Browser]]>
    </line>
    <line>
      <![CDATA[Browser window is maximized successfully]]>
    </line>
    <line>
      <![CDATA[profile page displayed successfully]]>
    </line>
    <line>
      <![CDATA[Summary displayed successfully]]>
    </line>
    <line>
      <![CDATA[Skills page displayed successfully]]>
    </line>
    <line>
      <![CDATA[Education page displayed successfully]]>
    </line>
    <line>
      <![CDATA[project details page displayed successfully]]>
    </line>
    <line>
      <![CDATA[Resume downloaded successfully in pdf format]]>
    </line>
  </reporter-output>
  <suite started-at="2022-03-02T16:00:17 IST" name="Default suite" finished-at="2022-03-02T16:00:36 IST" duration-ms="19120">
    <groups>
    </groups>
    <test started-at="2022-03-02T16:00:17 IST" name="Default test" finished-at="2022-03-02T16:00:36 IST" duration-ms="19120">
      <class name="skills.TC_Summary_031">
        <test-method is-config="true" signature="openTheBrowser(java.lang.String)[pri:0, instance:skills.TC_Summary_031@378542de]" started-at="2022-03-02T16:00:17 IST" name="openTheBrowser" finished-at="2022-03-02T16:00:21 IST" duration-ms="3762" status="PASS">
          <params>
            <param index="0">
              <value>
                <![CDATA[chrome]]>
              </value>
            </param>
          </params>
          <reporter-output>
            <line>
              <![CDATA[Successfully Launched Chrome Browser]]>
            </line>
            <line>
              <![CDATA[Browser window is maximized successfully]]>
            </line>
          </reporter-output>
        </test-method> <!-- openTheBrowser -->
        <test-method is-config="true" signature="navigateToApplication()[pri:0, instance:skills.TC_Summary_031@378542de]" started-at="2022-03-02T16:00:21 IST" name="navigateToApplication" finished-at="2022-03-02T16:00:24 IST" duration-ms="3689" status="PASS">
          <reporter-output>
          </reporter-output>
        </test-method> <!-- navigateToApplication -->
        <test-method signature="downloadResumePdf()[pri:0, instance:skills.TC_Summary_031@378542de]" started-at="2022-03-02T16:00:24 IST" name="downloadResumePdf" finished-at="2022-03-02T16:00:35 IST" duration-ms="10304" status="PASS">
          <reporter-output>
            <line>
              <![CDATA[profile page displayed successfully]]>
            </line>
            <line>
              <![CDATA[Summary displayed successfully]]>
            </line>
            <line>
              <![CDATA[Skills page displayed successfully]]>
            </line>
            <line>
              <![CDATA[Education page displayed successfully]]>
            </line>
            <line>
              <![CDATA[project details page displayed successfully]]>
            </line>
            <line>
              <![CDATA[Resume downloaded successfully in pdf format]]>
            </line>
          </reporter-output>
        </test-method> <!-- downloadResumePdf -->
        <test-method is-config="true" signature="closeTheBrowser()[pri:0, instance:skills.TC_Summary_031@378542de]" started-at="2022-03-02T16:00:35 IST" name="closeTheBrowser" finished-at="2022-03-02T16:00:36 IST" duration-ms="1304" status="PASS">
          <reporter-output>
          </reporter-output>
        </test-method> <!-- closeTheBrowser -->
      </class> <!-- skills.TC_Summary_031 -->
    </test> <!-- Default test -->
  </suite> <!-- Default suite -->
</testng-results>
